Using pre-set license
Built from '2020.3/release' branch; Version is '2020.3.2f1 (8fd9074bf66c) revision 9427207'; Using compiler version '192528614'; Build Type 'Release'
OS: 'Windows 10 Pro; OS build 19042.1083; Version 2009; 64bit' Language: 'tr' Physical Memory: 16317 MB
BatchMode: 1, IsHumanControllingUs: 0, StartBugReporterOnCrash: 0, Is64bit: 1, IsPro: 0

 COMMAND LINE ARGUMENTS:
C:\Program Files\Unity\Hub\Editor\2020.3.2f1\Editor\Unity.exe
-adb2
-batchMode
-noUpm
-name
AssetImportWorker0
-projectPath
C:/Users/ErkamSoft/Desktop/ÇalışanKodlar/Balon
-logFile
Logs/AssetImportWorker0.log
-srvPort
63321
Successfully changed project path to: C:/Users/ErkamSoft/Desktop/ÇalışanKodlar/Balon
C:/Users/ErkamSoft/Desktop/ÇalışanKodlar/Balon
Using Asset Import Pipeline V2.
Refreshing native plugins compatible for Editor in 31.36 ms, found 1 plugins.
Preloading 0 native plugins for Editor in 0.00 ms.
Initialize engine version: 2020.3.2f1 (8fd9074bf66c)
[Subsystems] Discovering subsystems at path C:/Program Files/Unity/Hub/Editor/2020.3.2f1/Editor/Data/Resources/UnitySubsystems
[Subsystems] Discovering subsystems at path C:/Users/ErkamSoft/Desktop/ÇalışanKodlar/Balon/Assets
GfxDevice: creating device client; threaded=0
Direct3D:
    Version:  Direct3D 11.0 [level 11.1]
    Renderer: NVIDIA GeForce GTX 1060 6GB (ID=0x1c03)
    Vendor:   
    VRAM:     6052 MB
    Driver:   27.21.14.5671
Initialize mono
Mono path[0] = 'C:/Program Files/Unity/Hub/Editor/2020.3.2f1/Editor/Data/Managed'
Mono path[1] = 'C:/Program Files/Unity/Hub/Editor/2020.3.2f1/Editor/Data/MonoBleedingEdge/lib/mono/unityjit'
Mono config path = 'C:/Program Files/Unity/Hub/Editor/2020.3.2f1/Editor/Data/MonoBleedingEdge/etc'
Using monoOptions --debugger-agent=transport=dt_socket,embedding=1,server=y,suspend=n,address=127.0.0.1:56632
Begin MonoManager ReloadAssembly
Registering precompiled unity dll's ...
Register platform support module: C:/Program Files/Unity/Hub/Editor/2020.3.2f1/Editor/Data/PlaybackEngines/WindowsStandaloneSupport/UnityEditor.WindowsStandalone.Extensions.dll
Registered in 0.001514 seconds.
Native extension for WindowsStandalone target not found
Refreshing native plugins compatible for Editor in 30.79 ms, found 1 plugins.
Preloading 0 native plugins for Editor in 0.00 ms.
Invoked RoslynAnalysisRunner static constructor.
RoslynAnalysisRunner will not be running.
RoslynAnalysisRunner has terminated.
Mono: successfully reloaded assembly
- Completed reload, in  1.697 seconds
Platform modules already initialized, skipping
Registering precompiled user dll's ...
Registered in 0.000694 seconds.
Begin MonoManager ReloadAssembly
Native extension for WindowsStandalone target not found
Refreshing native plugins compatible for Editor in 29.77 ms, found 1 plugins.
Preloading 0 native plugins for Editor in 0.00 ms.
Invoked RoslynAnalysisRunner static constructor.
RoslynAnalysisRunner will not be running.
RoslynAnalysisRunner has terminated.
Mono: successfully reloaded assembly
- Completed reload, in  0.766 seconds
Platform modules already initialized, skipping
========================================================================
Worker process is ready to serve import requests
Launched and connected shader compiler UnityShaderCompiler.exe after 0.03 seconds
Refreshing native plugins compatible for Editor in 0.34 ms, found 1 plugins.
Preloading 0 native plugins for Editor in 0.00 ms.
Unloading 1812 Unused Serialized files (Serialized files now loaded: 0)
System memory in use before: 85.1 MB.
System memory in use after: 85.2 MB.

Unloading 19 unused Assets to reduce memory usage. Loaded Objects now: 2259.
Total: 2.170400 ms (FindLiveObjects: 0.266100 ms CreateObjectMapping: 0.083000 ms MarkObjects: 1.765900 ms  DeleteObjects: 0.054200 ms)

========================================================================
Received Import Request.
  path: Assets/balon.png
  artifactKey: Guid(e583a360fa044c04398ddebac9d7cd3d) Importer(815301076,1909f56bfc062723c751e8b465ee728b)
Start importing Assets/balon.png using Guid(e583a360fa044c04398ddebac9d7cd3d) Importer(815301076,1909f56bfc062723c751e8b465ee728b)  -> (artifact id: '8be60944f26f074bed36e822a7bad7b3') in 0.084301 seconds
  Import took 0.086971 seconds .

========================================================================
Received Import Request.
  Time since last request: 0.000200 seconds.
  path: Assets/Patlama.prefab
  artifactKey: Guid(381561a136cf90c44b5b1f1853d9c8f6) Importer(815301076,1909f56bfc062723c751e8b465ee728b)
Start importing Assets/Patlama.prefab using Guid(381561a136cf90c44b5b1f1853d9c8f6) Importer(815301076,1909f56bfc062723c751e8b465ee728b)  -> (artifact id: '2b8aad8801d7bbcbfb94e8bf49415258') in 0.011815 seconds
  Import took 0.014523 seconds .

========================================================================
Received Import Request.
  Time since last request: 0.000245 seconds.
  path: Assets/back.png
  artifactKey: Guid(18d5bf07523f5954594c68504bc3a278) Importer(815301076,1909f56bfc062723c751e8b465ee728b)
Start importing Assets/back.png using Guid(18d5bf07523f5954594c68504bc3a278) Importer(815301076,1909f56bfc062723c751e8b465ee728b)  -> (artifact id: '1b05da84b0ed62b0a72c2dabe2a236df') in 0.021558 seconds
  Import took 0.024360 seconds .

========================================================================
Received Import Request.
  Time since last request: 0.000262 seconds.
  path: Assets/patlama.png
  artifactKey: Guid(27a534e7c53331247ad3066b0e8987cd) Importer(815301076,1909f56bfc062723c751e8b465ee728b)
Start importing Assets/patlama.png using Guid(27a534e7c53331247ad3066b0e8987cd) Importer(815301076,1909f56bfc062723c751e8b465ee728b)  -> (artifact id: 'adf23832f588a636c96d35cc98cb470c') in 0.021529 seconds
  Import took 0.024387 seconds .

========================================================================
Received Import Request.
  Time since last request: 0.000242 seconds.
  path: Assets/balon.prefab
  artifactKey: Guid(b856fd4ba640492479e52638ee7dc179) Importer(815301076,1909f56bfc062723c751e8b465ee728b)
Start importing Assets/balon.prefab using Guid(b856fd4ba640492479e52638ee7dc179) Importer(815301076,1909f56bfc062723c751e8b465ee728b)  -> (artifact id: 'd687b21822e982a0df42196d70660b56') in 0.026931 seconds
  Import took 0.029659 seconds .

========================================================================
Received Prepare
Registering precompiled user dll's ...
Registered in 0.000879 seconds.
Begin MonoManager ReloadAssembly
Native extension for WindowsStandalone target not found
Refreshing native plugins compatible for Editor in 0.31 ms, found 1 plugins.
Preloading 0 native plugins for Editor in 0.00 ms.
Invoked RoslynAnalysisRunner static constructor.
RoslynAnalysisRunner will not be running.
RoslynAnalysisRunner has terminated.
Mono: successfully reloaded assembly
- Completed reload, in  0.736 seconds
Platform modules already initialized, skipping
Switching build target platform(5) subTarget(0) extendedPlatform(0) -> platform(13) subTarget(537395200) extendedPlatform(0)
Refreshing native plugins compatible for Editor in 0.31 ms, found 1 plugins.
Preloading 0 native plugins for Editor in 0.00 ms.
Unloading 1805 Unused Serialized files (Serialized files now loaded: 0)
System memory in use before: 87.6 MB.
System memory in use after: 87.7 MB.

Unloading 8 unused Assets to reduce memory usage. Loaded Objects now: 2275.
Total: 1.612100 ms (FindLiveObjects: 0.160300 ms CreateObjectMapping: 0.048000 ms MarkObjects: 1.391500 ms  DeleteObjects: 0.011400 ms)

AssetImportParameters requested are different than current active one (requested -> active):
  custom:graphics/normal-map-encoding: 01000000000000000000000000000000 -> 02000000000000000000000000000000
AssetImportWorkerClient::OnTransportError - code=2 error=End of file
